Using pre-set license
Built from '2020.2/release' branch; Version is '2020.2.1f1 (270dd8c3da1c) revision 2559448'; Using compiler version '192528614'; Build Type 'Release'
OS: 'Windows 10  (10.0.0) 64bit' Language: 'en' Physical Memory: 32687 MB
BatchMode: 1, IsHumanControllingUs: 0, StartBugReporterOnCrash: 0, Is64bit: 1, IsPro: 0

 COMMAND LINE ARGUMENTS:
C:\Program Files\Unity\Hub\Editor\2020.2.1f1\Editor\Unity.exe
-adb2
-batchMode
-noUpm
-name
AssetImportWorker0
-projectPath
D:/Design/Unity/Github/Personal/UsmanSmirRepos/VR Bowling
-logFile
Logs/AssetImportWorker0.log
-srvPort
60448
Successfully changed project path to: D:/Design/Unity/Github/Personal/UsmanSmirRepos/VR Bowling
D:/Design/Unity/Github/Personal/UsmanSmirRepos/VR Bowling
Using Asset Import Pipeline V2.
Refreshing native plugins compatible for Editor in 40.90 ms, found 3 plugins.
Preloading 1 native plugins for Editor in 0.67 ms.
Initialize engine version: 2020.2.1f1 (270dd8c3da1c)
[Subsystems] Discovering subsystems at path C:/Program Files/Unity/Hub/Editor/2020.2.1f1/Editor/Data/Resources/UnitySubsystems
[Subsystems] Discovering subsystems at path D:/Design/Unity/Github/Personal/UsmanSmirRepos/VR Bowling/Assets
GfxDevice: creating device client; threaded=0
Direct3D:
    Version:  Direct3D 11.0 [level 11.1]
    Renderer: NVIDIA GeForce GTX 1070 (ID=0x1b81)
    Vendor:   
    VRAM:     8088 MB
    Driver:   27.21.14.6109
Initialize mono
Mono path[0] = 'C:/Program Files/Unity/Hub/Editor/2020.2.1f1/Editor/Data/Managed'
Mono path[1] = 'C:/Program Files/Unity/Hub/Editor/2020.2.1f1/Editor/Data/MonoBleedingEdge/lib/mono/unityjit'
Mono config path = 'C:/Program Files/Unity/Hub/Editor/2020.2.1f1/Editor/Data/MonoBleedingEdge/etc'
Using monoOptions --debugger-agent=transport=dt_socket,embedding=1,server=y,suspend=n,address=127.0.0.1:56080
Begin MonoManager ReloadAssembly
Registering precompiled unity dll's ...
Register platform support module: C:/Program Files/Unity/Hub/Editor/2020.2.1f1/Editor/Data/PlaybackEngines/WebGLSupport/UnityEditor.WebGL.Extensions.dll
Register platform support module: C:/Program Files/Unity/Hub/Editor/2020.2.1f1/Editor/Data/PlaybackEngines/WindowsStandaloneSupport/UnityEditor.WindowsStandalone.Extensions.dll
Registered in 0.001527 seconds.
Native extension for WindowsStandalone target not found
Native extension for WebGL target not found
Refreshing native plugins compatible for Editor in 40.59 ms, found 3 plugins.
Preloading 1 native plugins for Editor in 0.04 ms.
Invoked RoslynAnalysisRunner static constructor.
RoslynAnalysisRunner will not be running.
RoslynAnalysisRunner has terminated.
Mono: successfully reloaded assembly
- Completed reload, in  1.349 seconds
Platform modules already initialized, skipping
Registering precompiled user dll's ...
Registered in 0.001220 seconds.
Begin MonoManager ReloadAssembly
Native extension for WindowsStandalone target not found
Native extension for WebGL target not found
Refreshing native plugins compatible for Editor in 41.71 ms, found 3 plugins.
Preloading 1 native plugins for Editor in 0.04 ms.
Invoked RoslynAnalysisRunner static constructor.
RoslynAnalysisRunner will not be running.
RoslynAnalysisRunner has terminated.
[XR] OculusXRPlugin: registering subsystems
[XR] Unable to register display lifecyle provider: [1]
[XR] Oculus Input lifecycle provider registered.
[XR] Unable to register input lifecyle provider: [1]
NullReferenceException: Object reference not set to an instance of an object
  at Unity.XR.Oculus.OculusLoader.AssetPathToAbsolutePath (System.String assetPath) [0x00048] in D:\Design\Unity\Github\Personal\UsmanSmirRepos\VR Bowling\Library\PackageCache\com.unity.xr.oculus@1.6.1\Runtime\OculusLoader.cs:242 
  at Unity.XR.Oculus.OculusLoader.EditorLoadOVRPlugin () [0x0007b] in D:\Design\Unity\Github\Personal\UsmanSmirRepos\VR Bowling\Library\PackageCache\com.unity.xr.oculus@1.6.1\Runtime\OculusLoader.cs:227 

(Filename: Library/PackageCache/com.unity.xr.oculus@1.6.1/Runtime/OculusLoader.cs Line: 242)

Mono: successfully reloaded assembly
- Completed reload, in  0.816 seconds
Platform modules already initialized, skipping
========================================================================
Worker process is ready to serve import requests
Shader 'Universal Render Pipeline/Particles/Lit': fallback shader 'Universal Render Pipeline/Particles/SimpleLit' not found
Shader 'Universal Render Pipeline/Particles/Lit': fallback shader 'Universal Render Pipeline/Particles/SimpleLit' not found
Launched and connected shader compiler UnityShaderCompiler.exe after 0.02 seconds
Refreshing native plugins compatible for Editor in 0.60 ms, found 3 plugins.
Preloading 1 native plugins for Editor in 0.04 ms.
Unloading 2902 Unused Serialized files (Serialized files now loaded: 0)
System memory in use before: 129.8 MB.
System memory in use after: 127.8 MB.

Unloading 49 unused Assets to reduce memory usage. Loaded Objects now: 3317.
Total: 3.070700 ms (FindLiveObjects: 0.409200 ms CreateObjectMapping: 0.176300 ms MarkObjects: 1.511100 ms  DeleteObjects: 0.973400 ms)

========================================================================
Received Import Request.
  path: Assets/Samples/XR Interaction Toolkit/0.10.0-preview.7/Default Input Actions
  artifactKey: Guid(8104160f924e7ad4fae7d2287abf8c66) Importer(815301076,1909f56bfc062723c751e8b465ee728b)
Start importing Assets/Samples/XR Interaction Toolkit/0.10.0-preview.7/Default Input Actions using Guid(8104160f924e7ad4fae7d2287abf8c66) Importer(815301076,1909f56bfc062723c751e8b465ee728b)  -> (artifact id: '2c4057ff05e1d0c6ef59139a1e861764') in 0.007574 seconds
  Import took 0.011296 seconds .

========================================================================
Received Import Request.
  Time since last request: 102.311993 seconds.
  path: Assets/XR
  artifactKey: Guid(c84d98d5d305b4f41ad1935b022b120d) Importer(815301076,1909f56bfc062723c751e8b465ee728b)
Start importing Assets/XR using Guid(c84d98d5d305b4f41ad1935b022b120d) Importer(815301076,1909f56bfc062723c751e8b465ee728b)  -> (artifact id: 'c93b4e12b793c7b0fd7e7eda6e83703c') in 0.011192 seconds
  Import took 0.015394 seconds .

========================================================================
Received Import Request.
  Time since last request: 6.627739 seconds.
  path: Assets/XR/Settings
  artifactKey: Guid(0fe25df157499224f8c7ca591496195e) Importer(815301076,1909f56bfc062723c751e8b465ee728b)
Start importing Assets/XR/Settings using Guid(0fe25df157499224f8c7ca591496195e) Importer(815301076,1909f56bfc062723c751e8b465ee728b)  -> (artifact id: '1dfac4993bc13be554a850af2df50a65') in 0.004970 seconds
  Import took 0.008718 seconds .

========================================================================
Received Import Request.
  Time since last request: 6.474539 seconds.
  path: Assets/XR/Loaders
  artifactKey: Guid(3683c1e9ed36d7546b4b76974310a498) Importer(815301076,1909f56bfc062723c751e8b465ee728b)
Start importing Assets/XR/Loaders using Guid(3683c1e9ed36d7546b4b76974310a498) Importer(815301076,1909f56bfc062723c751e8b465ee728b)  -> (artifact id: '5b606488d2aa41957ce04df0e876671d') in 0.005225 seconds
  Import took 0.009407 seconds .

========================================================================
Received Import Request.
  Time since last request: 4.861992 seconds.
  path: Assets/Presets/Defaults
  artifactKey: Guid(71ea82b02df99c2439e0dc8e4e1ebc24) Importer(815301076,1909f56bfc062723c751e8b465ee728b)
Start importing Assets/Presets/Defaults using Guid(71ea82b02df99c2439e0dc8e4e1ebc24) Importer(815301076,1909f56bfc062723c751e8b465ee728b)  -> (artifact id: '01f8b50639ab171942d7324b8a82b15c') in 0.011678 seconds
  Import took 0.015696 seconds .

========================================================================
Received Import Request.
  Time since last request: 3.309381 seconds.
  path: Assets/Settings
  artifactKey: Guid(0735c275001a2c84dafdb30deced5d8d) Importer(815301076,1909f56bfc062723c751e8b465ee728b)
Start importing Assets/Settings using Guid(0735c275001a2c84dafdb30deced5d8d) Importer(815301076,1909f56bfc062723c751e8b465ee728b)  -> (artifact id: '9f4b3db56a84d213058cd763baf10443') in 0.001939 seconds
  Import took 0.005885 seconds .

========================================================================
Received Import Request.
  Time since last request: 0.000611 seconds.
  path: Assets/Settings
  artifactKey: Guid(0735c275001a2c84dafdb30deced5d8d) Importer(815301076,1909f56bfc062723c751e8b465ee728b)
Start importing Assets/Settings using Guid(0735c275001a2c84dafdb30deced5d8d) Importer(815301076,1909f56bfc062723c751e8b465ee728b)  -> (artifact id: '9f4b3db56a84d213058cd763baf10443') in 0.001712 seconds
  Import took 0.005853 seconds .

========================================================================
Received Import Request.
  Time since last request: 5.209331 seconds.
  path: Assets/Samples
  artifactKey: Guid(c75a4b2b6b02574448e2a984c8763023) Importer(815301076,1909f56bfc062723c751e8b465ee728b)
Start importing Assets/Samples using Guid(c75a4b2b6b02574448e2a984c8763023) Importer(815301076,1909f56bfc062723c751e8b465ee728b)  -> (artifact id: '6b14f4c5edc0bdcc1017782beabc826e') in 0.011612 seconds
  Import took 0.015293 seconds .

========================================================================
Received Import Request.
  Time since last request: 1.043590 seconds.
  path: Assets/Samples/XR Interaction Toolkit
  artifactKey: Guid(3f4452f441fae564da82ee0a7e2a07bf) Importer(815301076,1909f56bfc062723c751e8b465ee728b)
Start importing Assets/Samples/XR Interaction Toolkit using Guid(3f4452f441fae564da82ee0a7e2a07bf) Importer(815301076,1909f56bfc062723c751e8b465ee728b)  -> (artifact id: '28d5d8d833d9f5821451a1a9d8370114') in 0.012179 seconds
  Import took 0.016017 seconds .

========================================================================
Received Import Request.
  Time since last request: 0.810856 seconds.
  path: Assets/Samples/XR Interaction Toolkit/0.10.0-preview.7
  artifactKey: Guid(4685b66acec940f438b179b5fe86306d) Importer(815301076,1909f56bfc062723c751e8b465ee728b)
Start importing Assets/Samples/XR Interaction Toolkit/0.10.0-preview.7 using Guid(4685b66acec940f438b179b5fe86306d) Importer(815301076,1909f56bfc062723c751e8b465ee728b)  -> (artifact id: '7c499d32dd9fd59af68b5b8f6c41c783') in 0.005319 seconds
  Import took 0.008964 seconds .

========================================================================
Received Import Request.
  Time since last request: 83.815570 seconds.
  path: Assets/Imports/oculus-controller-art-v1.3/oculus-controller-art-v1.3/Oculus Touch for Quest & Rift S/controller_bc.tga
  artifactKey: Guid(9041db937181ade47bf8945f2df23a6e) Importer(815301076,1909f56bfc062723c751e8b465ee728b)
Start importing Assets/Imports/oculus-controller-art-v1.3/oculus-controller-art-v1.3/Oculus Touch for Quest & Rift S/controller_bc.tga using Guid(9041db937181ade47bf8945f2df23a6e) Importer(815301076,1909f56bfc062723c751e8b465ee728b)  -> (artifact id: '01d2bc98c1cb0203c48133e97216c15d') in 0.058933 seconds
  Import took 0.062782 seconds .

========================================================================
Received Prepare
Registering precompiled user dll's ...
Registered in 0.001330 seconds.
Begin MonoManager ReloadAssembly
Native extension for WindowsStandalone target not found
Native extension for WebGL target not found
Refreshing native plugins compatible for Editor in 0.50 ms, found 3 plugins.
Preloading 1 native plugins for Editor in 0.05 ms.
Invoked RoslynAnalysisRunner static constructor.
RoslynAnalysisRunner will not be running.
RoslynAnalysisRunner has terminated.
NullReferenceException: Object reference not set to an instance of an object
  at Unity.XR.Oculus.OculusLoader.AssetPathToAbsolutePath (System.String assetPath) [0x00048] in D:\Design\Unity\Github\Personal\UsmanSmirRepos\VR Bowling\Library\PackageCache\com.unity.xr.oculus@1.6.1\Runtime\OculusLoader.cs:242 
  at Unity.XR.Oculus.OculusLoader.EditorLoadOVRPlugin () [0x0007b] in D:\Design\Unity\Github\Personal\UsmanSmirRepos\VR Bowling\Library\PackageCache\com.unity.xr.oculus@1.6.1\Runtime\OculusLoader.cs:227 

(Filename: Library/PackageCache/com.unity.xr.oculus@1.6.1/Runtime/OculusLoader.cs Line: 242)

Mono: successfully reloaded assembly
- Completed reload, in  0.689 seconds
Platform modules already initialized, skipping
Shader 'Universal Render Pipeline/Particles/Lit': fallback shader 'Universal Render Pipeline/Particles/SimpleLit' not found
Shader 'Universal Render Pipeline/Particles/Lit': fallback shader 'Universal Render Pipeline/Particles/SimpleLit' not found
Refreshing native plugins compatible for Editor in 0.50 ms, found 3 plugins.
Preloading 1 native plugins for Editor in 0.06 ms.
Unloading 2815 Unused Serialized files (Serialized files now loaded: 0)
System memory in use before: 126.7 MB.
System memory in use after: 124.7 MB.

Unloading 42 unused Assets to reduce memory usage. Loaded Objects now: 3322.
Total: 2.920800 ms (FindLiveObjects: 0.241200 ms CreateObjectMapping: 0.110400 ms MarkObjects: 1.568100 ms  DeleteObjects: 1.000400 ms)

AssetImportWorkerClient::OnTransportError - code=2 error=End of file
